tools/coralnpu/run_upstream_smoke.sh
bazel build --repository_cache=/hdd_8T/michael/bazel-cache/coralnpu-repo-cache --distdir=/hdd_8T/michael/bazel-cache/coralnpu-distdir --disk_cache=/hdd_8T/michael/bazel-cache/coralnpu-disk-cache --experimental_repository_cache_hardlinks //examples:coralnpu_v2_hello_world_add_floats
INFO: Invocation ID: 53660d6c-be85-4b49-b9c2-78f673161023
INFO: Analyzed target //examples:coralnpu_v2_hello_world_add_floats (0 packages loaded, 0 targets configured).
INFO: Found 1 target...
Target //examples:coralnpu_v2_hello_world_add_floats up-to-date:
  bazel-bin/examples/coralnpu_v2_hello_world_add_floats.elf
  bazel-bin/examples/coralnpu_v2_hello_world_add_floats.bin
  bazel-bin/examples/coralnpu_v2_hello_world_add_floats.vmem
INFO: Elapsed time: 0.222s, Critical Path: 0.01s
INFO: 1 process: 1 internal.
INFO: Build completed successfully, 1 total action
bazel build --repository_cache=/hdd_8T/michael/bazel-cache/coralnpu-repo-cache --distdir=/hdd_8T/michael/bazel-cache/coralnpu-distdir --disk_cache=/hdd_8T/michael/bazel-cache/coralnpu-disk-cache --experimental_repository_cache_hardlinks //tests/verilator_sim:core_mini_axi_sim
INFO: Invocation ID: e174e74b-0e2e-43e2-9aea-43f6cb29f934
INFO: Analyzed target //tests/verilator_sim:core_mini_axi_sim (0 packages loaded, 0 targets configured).
INFO: Found 1 target...
Target //tests/verilator_sim:core_mini_axi_sim up-to-date:
  bazel-bin/tests/verilator_sim/core_mini_axi_sim
INFO: Elapsed time: 0.240s, Critical Path: 0.02s
INFO: 1 process: 1 internal.
INFO: Build completed successfully, 1 total action
bazel build --repository_cache=/hdd_8T/michael/bazel-cache/coralnpu-repo-cache --distdir=/hdd_8T/michael/bazel-cache/coralnpu-distdir --disk_cache=/hdd_8T/michael/bazel-cache/coralnpu-disk-cache --experimental_repository_cache_hardlinks //tests/verilator_sim:rvv_core_mini_axi_sim
INFO: Invocation ID: a699ceba-971a-4fa1-9af5-3d66ba567c9b
INFO: Analyzed target //tests/verilator_sim:rvv_core_mini_axi_sim (0 packages loaded, 0 targets configured).
INFO: Found 1 target...
Target //tests/verilator_sim:rvv_core_mini_axi_sim up-to-date:
  bazel-bin/tests/verilator_sim/rvv_core_mini_axi_sim
INFO: Elapsed time: 0.235s, Critical Path: 0.02s
INFO: 1 process: 1 internal.
INFO: Build completed successfully, 1 total action
[INFO] Running simulation with binary: bazel-out/k8-fastbuild-ST-dd8dc713f32d/bin/examples/coralnpu_v2_hello_world_add_floats.elf

        SystemC 2.3.4-Accellera --- redacted redacted
        Copyright (c) 1996-2022 by all Contributors,
        ALL RIGHTS RESERVED

Info: /OSCI/SystemC: Simulation stopped by user.
